{"level":"info","message":"request sent to MongoDB database matched with the data abc@gmail.com login successfull","timestamp":"2024-02-13 10:21:22"}
{"level":"error","message":"Error in candidate login","timestamp":"2024-02-13 10:21:22"}
{"level":"info","message":"request sent to MongoDB database matched with the data ast1@gmail.com login successfull","timestamp":"2024-02-13 10:21:43"}
{"level":"error","message":"Error in candidate login","timestamp":"2024-02-13 10:21:43"}
{"level":"info","message":"request sent to MongoDB database matched with the data tes@gmail.com login successfull","timestamp":"2024-02-25 15:50:51"}
{"level":"error","message":"Error in candidate login","timestamp":"2024-02-25 15:50:51"}
{"level":"info","message":"request sent to MongoDB database matched with the data tes@gmail.com login successfull","timestamp":"2024-02-25 15:51:12"}
{"level":"error","message":"Error in candidate login","timestamp":"2024-02-25 15:51:12"}
{"level":"info","message":"request sent to MongoDB database matched with the data tes@gmail.com login successfull","timestamp":"2024-02-25 15:51:13"}
{"level":"error","message":"Error in candidate login","timestamp":"2024-02-25 15:51:13"}
{"level":"info","message":"request sent to MongoDB database matched with the data tes@gmail.com login successfull","timestamp":"2024-02-25 15:51:32"}
{"level":"error","message":"Error in candidate login","timestamp":"2024-02-25 15:51:32"}
{"level":"info","message":"request sent to MongoDB database matched with the data aaa11@gmail.com login successfull","timestamp":"2024-02-25 15:52:49"}
{"level":"info","message":"request sent to MongoDB database matched with the data aaa11@gmail.com login successfull","timestamp":"2024-02-25 15:53:57"}
{"level":"info","message":"request sent to MongoDB database matched with the data aaa11@gmail.com login successfull","timestamp":"2024-02-25 15:53:57"}
{"level":"info","message":"request sent to MongoDB database matched with the data aaa11@gmail.com login successfull","timestamp":"2024-02-25 15:54:01"}
{"level":"info","message":"request sent to MongoDB database matched with the data aaa11@gmail.com login successfull","timestamp":"2024-02-25 15:54:05"}
{"level":"info","message":"request sent to MongoDB database matched with the data va@gmail.com login successfull","timestamp":"2024-02-25 15:56:39"}
{"level":"info","message":"request sent to MongoDB database matched with the data tes@gmail.com login successfull","timestamp":"2024-02-25 15:57:18"}
{"level":"error","message":"Error in candidate login","timestamp":"2024-02-25 15:57:18"}
{"level":"info","message":"request sent to MongoDB database matched with the data vai@gmail.com login successfull","timestamp":"2024-02-25 16:07:03"}
{"level":"info","message":"request sent to MongoDB database matched with the data teing@gmail.com login successfull","timestamp":"2024-02-25 16:54:16"}
{"level":"info","message":"request sent to MongoDB database matched with the data van@gmail.com login successfull","timestamp":"2024-02-25 17:00:19"}
{"level":"info","message":"request sent to MongoDB database matched with the data van@gmail.com login successfull","timestamp":"2024-02-25 17:00:52"}
{"level":"info","message":"request sent to MongoDB database matched with the data tere@gmail.com login successfull","timestamp":"2024-02-25 17:04:31"}
{"level":"info","message":"request sent to MongoDB database matched with the data aaa4@gmail.com login successfull","timestamp":"2024-02-25 17:05:31"}
{"level":"info","message":"request sent to MongoDB database matched with the data teinger@gmail.com login successfull","timestamp":"2024-02-25 18:21:46"}
{"level":"info","message":"request sent to MongoDB database matched with the data vanif@gmail.com login successfull","timestamp":"2024-02-25 18:27:32"}
{"level":"error","message":"Error in candidate login","timestamp":"2024-02-25 18:27:32"}
{"level":"info","message":"request sent to MongoDB database matched with the data vainn@gmail.com login successfull","timestamp":"2024-02-25 18:28:38"}
{"level":"info","message":"request sent to MongoDB database matched with the data vanicfsf@gmail.com login successfull","timestamp":"2024-02-25 18:30:48"}
{"level":"info","message":"request sent to MongoDB database matched with the data tes@gmail.com login successfull","timestamp":"2024-02-26 09:56:19"}
{"level":"error","message":"Error in candidate login","timestamp":"2024-02-26 09:56:19"}
{"level":"info","message":"request sent to MongoDB database matched with the data ve@gmail.com login successfull","timestamp":"2024-02-26 10:02:18"}
{"level":"info","message":"request sent to MongoDB database matched with the data te123@gmail.com login successfull","timestamp":"2024-02-26 10:20:15"}
{"level":"info","message":"request sent to MongoDB database matched with the data te1234@gmail.com login successfull","timestamp":"2024-02-26 10:30:17"}
{"level":"info","message":"request sent to MongoDB database matched with the data te23@gmail.com login successfull","timestamp":"2024-02-26 10:32:04"}
{"level":"info","message":"request sent to MongoDB database matched with the data te23@gmail.com login successfull","timestamp":"2024-02-26 10:32:51"}
{"level":"info","message":"request sent to MongoDB database matched with the data te23@gmail.com login successfull","timestamp":"2024-02-26 10:33:24"}
{"level":"info","message":"request sent to MongoDB database matched with the data van12@gmail.com login successfull","timestamp":"2024-02-26 10:34:19"}
{"level":"info","message":"request sent to MongoDB database matched with the data van12@gmail.com login successfull","timestamp":"2024-02-26 10:40:08"}
{"level":"info","message":"request sent to MongoDB database matched with the data te23@gmail.com login successfull","timestamp":"2024-02-26 10:43:23"}
{"level":"info","message":"request sent to MongoDB database matched with the data vainn@gmail.com login successfull","timestamp":"2024-02-26 10:43:44"}
{"level":"info","message":"request sent to MongoDB database matched with the data vainn@gmail.com login successfull","timestamp":"2024-02-26 10:50:44"}
