{"level":"info","message":" edit candidate api is triggered by the evaluator && john got edited and updated data is saved to the database","timestamp":"2024-02-21 10:46:11"}
{"level":"info","message":" edit candidate api is triggered by the evaluator && john got edited and updated data is saved to the database","timestamp":"2024-02-21 10:46:13"}
{"level":"info","message":" edit candidate api is triggered by the evaluator && john got edited and updated data is saved to the database","timestamp":"2024-02-21 10:47:09"}
{"level":"info","message":" edit candidate api is triggered by the evaluator && john got edited and updated data is saved to the database","timestamp":"2024-02-21 10:47:31"}
{"level":"info","message":" edit candidate api is triggered by the evaluator && john got edited and updated data is saved to the database","timestamp":"2024-02-21 10:48:34"}
{"level":"info","message":" edit candidate api is triggered by the evaluator && john got edited and updated data is saved to the database","timestamp":"2024-02-21 10:48:48"}
{"level":"info","message":" edit candidate api is triggered by the evaluator && john got edited and updated data is saved to the database","timestamp":"2024-02-21 10:48:49"}
{"level":"info","message":" edit candidate api is triggered by the evaluator && john got edited and updated data is saved to the database","timestamp":"2024-02-21 10:51:51"}
{"level":"info","message":" edit candidate api is triggered by the evaluator && john got edited and updated data is saved to the database","timestamp":"2024-02-21 10:52:28"}
{"level":"info","message":" edit candidate api is triggered by the evaluator && johnhhhhh got edited and updated data is saved to the database","timestamp":"2024-02-21 10:52:59"}
{"level":"info","message":" edit candidate api is triggered by the evaluator && johnhhhhh got edited and updated data is saved to the database","timestamp":"2024-02-21 10:53:39"}
{"level":"info","message":" edit candidate api is triggered by the evaluator && johnhhhhh got edited and updated data is saved to the database","timestamp":"2024-02-21 10:54:51"}
{"level":"info","message":" edit candidate api is triggered by the evaluator && johnhhhhh got edited and updated data is saved to the database","timestamp":"2024-02-21 11:07:51"}
{"level":"info","message":" edit candidate api is triggered by the evaluator && johnhhhhh got edited and updated data is saved to the database","timestamp":"2024-02-21 11:09:11"}
{"level":"info","message":" edit candidate api is triggered by the evaluator && johnhhhhh got edited and updated data is saved to the database","timestamp":"2024-02-21 11:09:51"}
{"level":"info","message":" edit candidate api is triggered by the evaluator && johnhhhhh got edited and updated data is saved to the database","timestamp":"2024-02-21 11:13:32"}
{"level":"info","message":" edit candidate api is triggered by the evaluator && johnh got edited and updated data is saved to the database","timestamp":"2024-02-21 11:13:48"}
{"level":"info","message":" edit candidate api is triggered by the evaluator && john got edited and updated data is saved to the database","timestamp":"2024-02-21 11:14:16"}
{"level":"info","message":" edit candidate api is triggered by the evaluator && johnnn got edited and updated data is saved to the database","timestamp":"2024-02-21 11:34:37"}
{"level":"info","message":" edit candidate api is triggered by the evaluator && john got edited and updated data is saved to the database","timestamp":"2024-02-21 11:34:53"}
{"level":"info","message":" edit candidate api is triggered by the evaluator && Makam Supreethi got edited and updated data is saved to the database","timestamp":"2024-02-21 11:37:35"}
{"level":"info","message":" edit candidate api is triggered by the evaluator && john got edited and updated data is saved to the database","timestamp":"2024-02-21 11:46:07"}
{"level":"info","message":" edit candidate api is triggered by the evaluator && johnny got edited and updated data is saved to the database","timestamp":"2024-02-21 12:49:30"}
{"level":"info","message":" edit candidate api is triggered by the evaluator && john got edited and updated data is saved to the database","timestamp":"2024-02-21 12:49:37"}
{"level":"info","message":" edit candidate api is triggered by the evaluator && john mark got edited and updated data is saved to the database","timestamp":"2024-02-21 14:17:46"}
{"level":"info","message":" edit candidate api is triggered by the evaluator && john mark got edited and updated data is saved to the database","timestamp":"2024-02-22 11:34:48"}
{"level":"info","message":" edit candidate api is triggered by the evaluator && john  got edited and updated data is saved to the database","timestamp":"2024-02-23 15:17:57"}
{"level":"info","message":" edit candidate api is triggered by the evaluator && john reddy got edited and updated data is saved to the database","timestamp":"2024-02-24 23:58:50"}
{"level":"info","message":" edit candidate api is triggered by the evaluator && john reddy got edited and updated data is saved to the database","timestamp":"2024-02-25 00:08:22"}
