{"level":"info","message":"evaluator Request sent to database email and password are matched with the data ,tes@gmail.com login successfull","timestamp":"2024-02-01 16:41:00"}
<<<<<<< HEAD
{"level":"info","message":"evaluator Request sent to database email and password are matched with the data ,tes@gmail.com login successfull","timestamp":"2024-02-01 16:58:12"}
=======
{"level":"info","message":"evaluator Request sent to database email and password are matched with the data ,tes@gmail.com login successfull","timestamp":"2024-02-01 17:30:50"}
{"level":"info","message":"evaluator Request sent to database email and password are matched with the data ,sandeep@dev.in login successfull","timestamp":"2024-02-01 18:31:51"}
{"level":"error","message":"Evaluator login error","timestamp":"2024-02-01 18:31:51"}
{"level":"info","message":"evaluator Request sent to database email and password are matched with the data ,tes@gmail.com login successfull","timestamp":"2024-02-01 18:32:05"}
>>>>>>> ff65ddb6f348fcb2f70c9a9e0a59adc1a48ae312
{"level":"info","message":"evaluator Request sent to database email and password are matched with the data ,tes@gmail.com login successfull","timestamp":"2024-02-15 15:03:05"}
{"level":"info","message":"evaluator Request sent to database email and password are matched with the data ,tes@gmail.com login successfull","timestamp":"2024-02-15 15:04:05"}
{"level":"info","message":"evaluator Request sent to database email and password are matched with the data ,tes@gmail.com login successfull","timestamp":"2024-02-15 15:05:13"}
{"level":"info","message":"evaluator Request sent to database email and password are matched with the data ,tes@gmail.com login successfull","timestamp":"2024-02-15 15:36:55"}
{"level":"info","message":"evaluator Request sent to database email and password are matched with the data ,tes@gmail.com login successfull","timestamp":"2024-02-15 15:40:14"}
{"level":"info","message":"evaluator Request sent to database email and password are matched with the data ,tes@gmail.com login successfull","timestamp":"2024-02-15 15:41:39"}
{"level":"info","message":"evaluator Request sent to database email and password are matched with the data ,tes@gmail.com login successfull","timestamp":"2024-02-15 15:42:06"}
{"level":"info","message":"evaluator Request sent to database email and password are matched with the data ,tes@gmail.com login successfull","timestamp":"2024-02-15 15:43:23"}
{"level":"info","message":"evaluator Request sent to database email and password are matched with the data ,tes@gmail.com login successfull","timestamp":"2024-02-15 15:43:31"}
{"level":"info","message":"evaluator Request sent to database email and password are matched with the data ,tes@gmail.com login successfull","timestamp":"2024-02-15 15:49:39"}
{"level":"info","message":"evaluator Request sent to database email and password are matched with the data ,tes@gmail.com login successfull","timestamp":"2024-02-15 15:50:53"}
{"level":"info","message":"evaluator Request sent to database email and password are matched with the data ,tes@gmail.com login successfull","timestamp":"2024-02-15 15:51:32"}
{"level":"info","message":"evaluator Request sent to database email and password are matched with the data ,tes@gmail.com login successfull","timestamp":"2024-02-15 15:52:04"}
{"level":"info","message":"evaluator Request sent to database email and password are matched with the data ,tes@gmail.com login successfull","timestamp":"2024-02-15 16:00:34"}
{"level":"info","message":"evaluator Request sent to database email and password are matched with the data ,tes@gmail.com login successfull","timestamp":"2024-02-15 16:02:14"}
{"level":"info","message":"evaluator Request sent to database email and password are matched with the data ,tes@gmail.com login successfull","timestamp":"2024-02-15 16:04:41"}
{"level":"info","message":"evaluator Request sent to database email and password are matched with the data ,tes@gmail.com login successfull","timestamp":"2024-02-15 16:05:03"}
{"level":"info","message":"evaluator Request sent to database email and password are matched with the data ,tes@gmail.com login successfull","timestamp":"2024-02-15 16:16:56"}
{"level":"info","message":"evaluator Request sent to database email and password are matched with the data ,tes@gmail.com login successfull","timestamp":"2024-02-15 17:01:00"}
{"level":"info","message":"evaluator Request sent to database email and password are matched with the data ,tes@gmail.com login successfull","timestamp":"2024-02-15 17:03:57"}
{"level":"info","message":"evaluator Request sent to database email and password are matched with the data ,tes@gmail.com login successfull","timestamp":"2024-02-15 17:11:27"}
